[2022-03-09 20:29:48.153] [exthost] [info] Extension host with pid 1217 started
[2022-03-09 20:29:48.153] [exthost] [info] Skipping acquiring lock for /home/grads/s/sant1/Desktop/srsRAN/User/workspaceStorage/81388ff8b830353731619ad568921d02.
[2022-03-09 20:29:48.191] [exthost] [info] ExtensionService#_doActivateExtension vscode.debug-auto-launch, startup: true, activationEvent: '*'
[2022-03-09 20:29:48.195] [exthost] [info] ExtensionService#_doActivateExtension vscode.git-base, startup: true, activationEvent: '*', root cause: vscode.github
[2022-03-09 20:29:48.197] [exthost] [info] ExtensionService#_doActivateExtension vscode.ipynb, startup: true, activationEvent: '*'
[2022-03-09 20:29:48.213] [exthost] [info] ExtensionService#_doActivateExtension vscode.github, startup: true, activationEvent: '*'
[2022-03-09 20:29:48.221] [exthost] [info] Eager extensions activated
[2022-03-09 20:29:48.224] [exthost] [info] ExtensionService#_doActivateExtension vscode.emmet, startup: false, activationEvent: 'onStartupFinished'
[2022-03-09 20:29:48.235] [exthost] [info] ExtensionService#_doActivateExtension vscode.merge-conflict, startup: false, activationEvent: 'onStartupFinished'
[2022-03-09 20:29:48.237] [exthost] [info] ExtensionService#_doActivateExtension ms-vscode-remote.remote-containers, startup: false, activationEvent: 'onStartupFinished'
[2022-03-09 20:29:48.309] [exthost] [info] ExtensionService#_doActivateExtension ms-vscode-remote.remote-wsl, startup: false, activationEvent: 'onStartupFinished'
[2022-03-09 20:29:51.145] [exthost] [info] ExtensionService#_doActivateExtension vscode.git, startup: false, activationEvent: 'api', root cause: vscode.github
[2022-03-09 20:29:51.218] [exthost] [info] ExtensionService#_doActivateExtension ms-vscode.cmake-tools, startup: false, activationEvent: 'workspaceContains:CMakeLists.txt'
[2022-03-09 20:29:52.733] [exthost] [warning] [Decorations] CAPPING events from decorations provider vscode.git 1048
[2022-03-09 20:30:03.594] [exthost] [info] ExtensionService#_doActivateExtension vscode.configuration-editing, startup: false, activationEvent: 'onLanguage:jsonc'
[2022-03-09 20:30:03.598] [exthost] [info] ExtensionService#_doActivateExtension vscode.json-language-features, startup: false, activationEvent: 'onLanguage:jsonc'
[2022-03-09 20:30:03.639] [exthost] [info] ExtensionService#_doActivateExtension vscode.typescript-language-features, startup: false, activationEvent: 'onLanguage:jsonc'
[2022-03-09 20:30:04.686] [exthost] [warning] [Decorations] CAPPING events from decorations provider vscode.git 1137
[2022-03-09 20:30:09.250] [exthost] [info] ExtensionService#_doActivateExtension ms-vscode.cpptools, startup: false, activationEvent: 'api', root cause: ms-vscode.cmake-tools
[2022-03-09 20:30:11.081] [exthost] [warning] [Decorations] CAPPING events from decorations provider vscode.git 1137
[2022-03-09 20:30:15.662] [exthost] [info] ExtensionService#_doActivateExtension cschlosser.doxdocgen, startup: false, activationEvent: 'onLanguage:cpp'
[2022-03-09 20:30:17.545] [exthost] [warning] [Decorations] CAPPING events from decorations provider vscode.git 1143
[2022-03-09 20:30:23.998] [exthost] [warning] [Decorations] CAPPING events from decorations provider vscode.git 1167
[2022-03-09 20:30:30.407] [exthost] [warning] [Decorations] CAPPING events from decorations provider vscode.git 1249
[2022-03-09 20:30:36.884] [exthost] [warning] [Decorations] CAPPING events from decorations provider vscode.git 1249
[2022-03-09 20:30:43.277] [exthost] [warning] [Decorations] CAPPING events from decorations provider vscode.git 1249
[2022-03-09 20:30:49.682] [exthost] [warning] [Decorations] CAPPING events from decorations provider vscode.git 1249
[2022-03-09 20:30:56.088] [exthost] [warning] [Decorations] CAPPING events from decorations provider vscode.git 1249
[2022-03-09 20:31:02.533] [exthost] [warning] [Decorations] CAPPING events from decorations provider vscode.git 1249
[2022-03-09 20:31:08.924] [exthost] [warning] [Decorations] CAPPING events from decorations provider vscode.git 1249
[2022-03-09 20:31:15.317] [exthost] [warning] [Decorations] CAPPING events from decorations provider vscode.git 1249
[2022-03-09 20:31:21.704] [exthost] [warning] [Decorations] CAPPING events from decorations provider vscode.git 1249
[2022-03-09 20:31:28.143] [exthost] [warning] [Decorations] CAPPING events from decorations provider vscode.git 1249
[2022-03-09 20:31:34.538] [exthost] [warning] [Decorations] CAPPING events from decorations provider vscode.git 1250
[2022-03-09 20:31:40.931] [exthost] [warning] [Decorations] CAPPING events from decorations provider vscode.git 1250
[2022-03-09 20:31:47.334] [exthost] [warning] [Decorations] CAPPING events from decorations provider vscode.git 1250
[2022-03-09 20:31:53.728] [exthost] [warning] [Decorations] CAPPING events from decorations provider vscode.git 1250
[2022-03-09 20:32:00.140] [exthost] [warning] [Decorations] CAPPING events from decorations provider vscode.git 1250
[2022-03-09 20:32:06.510] [exthost] [warning] [Decorations] CAPPING events from decorations provider vscode.git 1250
[2022-03-09 20:32:12.904] [exthost] [warning] [Decorations] CAPPING events from decorations provider vscode.git 1250
[2022-03-09 20:32:19.301] [exthost] [warning] [Decorations] CAPPING events from decorations provider vscode.git 1250
[2022-03-09 20:32:25.740] [exthost] [warning] [Decorations] CAPPING events from decorations provider vscode.git 1250
[2022-03-09 20:32:32.132] [exthost] [warning] [Decorations] CAPPING events from decorations provider vscode.git 1250
[2022-03-09 20:32:38.524] [exthost] [warning] [Decorations] CAPPING events from decorations provider vscode.git 1250
[2022-03-09 20:42:03.189] [exthost] [warning] [Decorations] CAPPING events from decorations provider vscode.git 3640
[2022-03-09 20:48:02.424] [exthost] [warning] [Decorations] CAPPING events from decorations provider vscode.git 3640
[2022-03-09 20:48:08.341] [exthost] [warning] [Decorations] CAPPING events from decorations provider vscode.git 3513
[2022-03-09 20:48:14.266] [exthost] [warning] [Decorations] CAPPING events from decorations provider vscode.git 3513
[2022-03-09 20:48:20.234] [exthost] [warning] [Decorations] CAPPING events from decorations provider vscode.git 3513
[2022-03-09 20:56:55.210] [exthost] [warning] [Decorations] CAPPING events from decorations provider vscode.git 3513
[2022-03-09 20:57:01.101] [exthost] [warning] [Decorations] CAPPING events from decorations provider vscode.git 3513
[2022-03-09 20:57:07.039] [exthost] [warning] [Decorations] CAPPING events from decorations provider vscode.git 3513
[2022-03-09 20:57:12.973] [exthost] [warning] [Decorations] CAPPING events from decorations provider vscode.git 3513
[2022-03-09 20:57:18.862] [exthost] [warning] [Decorations] CAPPING events from decorations provider vscode.git 3513
[2022-03-09 20:57:24.762] [exthost] [warning] [Decorations] CAPPING events from decorations provider vscode.git 3513
[2022-03-09 20:57:30.698] [exthost] [warning] [Decorations] CAPPING events from decorations provider vscode.git 3513
[2022-03-09 20:57:36.604] [exthost] [warning] [Decorations] CAPPING events from decorations provider vscode.git 3514
[2022-03-09 20:57:42.488] [exthost] [warning] [Decorations] CAPPING events from decorations provider vscode.git 3514
[2022-03-09 20:57:48.366] [exthost] [warning] [Decorations] CAPPING events from decorations provider vscode.git 3514
[2022-03-09 20:57:54.294] [exthost] [warning] [Decorations] CAPPING events from decorations provider vscode.git 3514
[2022-03-09 20:58:00.192] [exthost] [warning] [Decorations] CAPPING events from decorations provider vscode.git 3514
[2022-03-09 20:58:06.089] [exthost] [warning] [Decorations] CAPPING events from decorations provider vscode.git 3514
[2022-03-09 20:58:11.997] [exthost] [warning] [Decorations] CAPPING events from decorations provider vscode.git 3514
[2022-03-09 20:58:17.890] [exthost] [warning] [Decorations] CAPPING events from decorations provider vscode.git 3514
[2022-03-09 20:58:23.791] [exthost] [warning] [Decorations] CAPPING events from decorations provider vscode.git 3514
[2022-03-09 20:58:29.712] [exthost] [warning] [Decorations] CAPPING events from decorations provider vscode.git 3514
[2022-03-09 20:58:35.620] [exthost] [warning] [Decorations] CAPPING events from decorations provider vscode.git 3514
[2022-03-09 20:58:41.511] [exthost] [warning] [Decorations] CAPPING events from decorations provider vscode.git 3514
[2022-03-09 20:58:47.429] [exthost] [warning] [Decorations] CAPPING events from decorations provider vscode.git 3514
[2022-03-09 20:58:53.319] [exthost] [warning] [Decorations] CAPPING events from decorations provider vscode.git 3514
[2022-03-09 20:58:59.240] [exthost] [warning] [Decorations] CAPPING events from decorations provider vscode.git 3514
[2022-03-09 20:59:05.142] [exthost] [warning] [Decorations] CAPPING events from decorations provider vscode.git 3514
[2022-03-09 20:59:11.109] [exthost] [warning] [Decorations] CAPPING events from decorations provider vscode.git 3514
[2022-03-09 20:59:17.004] [exthost] [warning] [Decorations] CAPPING events from decorations provider vscode.git 3514
[2022-03-09 20:59:22.915] [exthost] [warning] [Decorations] CAPPING events from decorations provider vscode.git 3514
[2022-03-09 20:59:28.807] [exthost] [warning] [Decorations] CAPPING events from decorations provider vscode.git 3514
[2022-03-09 20:59:34.727] [exthost] [warning] [Decorations] CAPPING events from decorations provider vscode.git 3514
[2022-03-09 20:59:40.656] [exthost] [warning] [Decorations] CAPPING events from decorations provider vscode.git 3514
[2022-03-09 20:59:46.535] [exthost] [warning] [Decorations] CAPPING events from decorations provider vscode.git 3514
[2022-03-09 20:59:52.432] [exthost] [warning] [Decorations] CAPPING events from decorations provider vscode.git 3514
[2022-03-09 20:59:58.343] [exthost] [warning] [Decorations] CAPPING events from decorations provider vscode.git 3514
[2022-03-09 21:00:04.252] [exthost] [warning] [Decorations] CAPPING events from decorations provider vscode.git 3514
[2022-03-09 21:00:10.211] [exthost] [warning] [Decorations] CAPPING events from decorations provider vscode.git 3514
[2022-03-09 21:00:16.113] [exthost] [warning] [Decorations] CAPPING events from decorations provider vscode.git 3514
[2022-03-09 21:01:10.249] [exthost] [warning] [Decorations] CAPPING events from decorations provider vscode.git 3513
[2022-03-09 21:01:16.155] [exthost] [warning] [Decorations] CAPPING events from decorations provider vscode.git 3514
[2022-03-09 21:01:22.057] [exthost] [warning] [Decorations] CAPPING events from decorations provider vscode.git 3514
[2022-03-09 22:19:16.480] [exthost] [warning] [Decorations] CAPPING events from decorations provider vscode.git 3515
[2022-03-09 22:19:22.391] [exthost] [warning] [Decorations] CAPPING events from decorations provider vscode.git 3515
[2022-03-09 22:19:28.277] [exthost] [warning] [Decorations] CAPPING events from decorations provider vscode.git 3515
[2022-03-09 22:19:34.165] [exthost] [warning] [Decorations] CAPPING events from decorations provider vscode.git 3516
[2022-03-09 22:19:40.082] [exthost] [warning] [Decorations] CAPPING events from decorations provider vscode.git 3516
[2022-03-09 22:19:45.975] [exthost] [warning] [Decorations] CAPPING events from decorations provider vscode.git 3516
[2022-03-09 22:19:51.863] [exthost] [warning] [Decorations] CAPPING events from decorations provider vscode.git 3516
[2022-03-09 22:19:57.752] [exthost] [warning] [Decorations] CAPPING events from decorations provider vscode.git 3516
[2022-03-09 22:20:03.632] [exthost] [warning] [Decorations] CAPPING events from decorations provider vscode.git 3516
[2022-03-09 22:20:09.534] [exthost] [warning] [Decorations] CAPPING events from decorations provider vscode.git 3516
[2022-03-09 22:21:05.833] [exthost] [warning] [Decorations] CAPPING events from decorations provider vscode.git 3515
[2022-03-09 22:21:11.729] [exthost] [warning] [Decorations] CAPPING events from decorations provider vscode.git 3515
[2022-03-09 22:21:17.661] [exthost] [warning] [Decorations] CAPPING events from decorations provider vscode.git 3515
[2022-03-09 22:23:44.393] [exthost] [warning] [Decorations] CAPPING events from decorations provider vscode.git 3515
[2022-03-09 22:23:50.296] [exthost] [warning] [Decorations] CAPPING events from decorations provider vscode.git 3515
[2022-03-09 22:23:56.334] [exthost] [warning] [Decorations] CAPPING events from decorations provider vscode.git 3515
[2022-03-09 22:25:02.699] [exthost] [warning] [Decorations] CAPPING events from decorations provider vscode.git 3515
[2022-03-09 22:25:08.637] [exthost] [warning] [Decorations] CAPPING events from decorations provider vscode.git 3515
[2022-03-09 22:32:39.349] [exthost] [warning] [Decorations] CAPPING events from decorations provider vscode.git 3515
[2022-03-09 22:32:45.226] [exthost] [warning] [Decorations] CAPPING events from decorations provider vscode.git 3515
[2022-03-09 22:32:51.123] [exthost] [warning] [Decorations] CAPPING events from decorations provider vscode.git 3516
[2022-03-09 22:32:57.014] [exthost] [warning] [Decorations] CAPPING events from decorations provider vscode.git 3516
[2022-03-09 22:33:02.901] [exthost] [warning] [Decorations] CAPPING events from decorations provider vscode.git 3516
[2022-03-09 22:33:08.793] [exthost] [warning] [Decorations] CAPPING events from decorations provider vscode.git 3516
[2022-03-09 22:33:14.720] [exthost] [warning] [Decorations] CAPPING events from decorations provider vscode.git 3516
[2022-03-09 22:33:20.623] [exthost] [warning] [Decorations] CAPPING events from decorations provider vscode.git 3516
[2022-03-09 22:33:26.509] [exthost] [warning] [Decorations] CAPPING events from decorations provider vscode.git 3516
[2022-03-09 22:33:32.408] [exthost] [warning] [Decorations] CAPPING events from decorations provider vscode.git 3516
[2022-03-09 22:33:38.296] [exthost] [warning] [Decorations] CAPPING events from decorations provider vscode.git 3516
[2022-03-09 22:33:44.220] [exthost] [warning] [Decorations] CAPPING events from decorations provider vscode.git 3516
[2022-03-09 22:33:50.118] [exthost] [warning] [Decorations] CAPPING events from decorations provider vscode.git 3516
[2022-03-09 22:34:02.258] [exthost] [warning] [Decorations] CAPPING events from decorations provider vscode.git 3516
[2022-03-09 22:34:08.150] [exthost] [warning] [Decorations] CAPPING events from decorations provider vscode.git 3516
[2022-03-09 22:34:14.039] [exthost] [warning] [Decorations] CAPPING events from decorations provider vscode.git 3516
[2022-03-09 22:34:19.934] [exthost] [warning] [Decorations] CAPPING events from decorations provider vscode.git 3516
[2022-03-09 22:34:25.829] [exthost] [warning] [Decorations] CAPPING events from decorations provider vscode.git 3516
[2022-03-09 22:34:49.192] [exthost] [warning] [Decorations] CAPPING events from decorations provider vscode.git 3516
[2022-03-09 22:34:55.085] [exthost] [warning] [Decorations] CAPPING events from decorations provider vscode.git 3516
[2022-03-09 22:35:00.968] [exthost] [warning] [Decorations] CAPPING events from decorations provider vscode.git 3516
[2022-03-09 22:35:41.339] [exthost] [warning] [Decorations] CAPPING events from decorations provider vscode.git 3516
[2022-03-09 22:37:14.501] [exthost] [warning] [Decorations] CAPPING events from decorations provider vscode.git 3516
[2022-03-09 22:37:20.393] [exthost] [warning] [Decorations] CAPPING events from decorations provider vscode.git 3516
[2022-03-09 22:37:26.284] [exthost] [warning] [Decorations] CAPPING events from decorations provider vscode.git 3516
[2022-03-09 22:37:33.278] [exthost] [warning] [Decorations] CAPPING events from decorations provider vscode.git 3516
[2022-03-09 22:37:39.177] [exthost] [warning] [Decorations] CAPPING events from decorations provider vscode.git 3516
[2022-03-09 22:37:45.044] [exthost] [warning] [Decorations] CAPPING events from decorations provider vscode.git 3516
[2022-03-09 22:37:52.194] [exthost] [warning] [Decorations] CAPPING events from decorations provider vscode.git 3516
[2022-03-09 22:37:58.087] [exthost] [warning] [Decorations] CAPPING events from decorations provider vscode.git 3516
[2022-03-09 22:38:03.982] [exthost] [warning] [Decorations] CAPPING events from decorations provider vscode.git 3516
[2022-03-09 22:38:09.886] [exthost] [warning] [Decorations] CAPPING events from decorations provider vscode.git 3516
[2022-03-09 22:38:20.208] [exthost] [warning] [Decorations] CAPPING events from decorations provider vscode.git 3516
[2022-03-09 22:38:26.104] [exthost] [warning] [Decorations] CAPPING events from decorations provider vscode.git 3516
[2022-03-09 22:38:32.025] [exthost] [warning] [Decorations] CAPPING events from decorations provider vscode.git 3516
[2022-03-09 22:38:39.522] [exthost] [warning] [Decorations] CAPPING events from decorations provider vscode.git 3516
[2022-03-09 22:38:45.418] [exthost] [warning] [Decorations] CAPPING events from decorations provider vscode.git 3516
[2022-03-09 22:38:51.313] [exthost] [warning] [Decorations] CAPPING events from decorations provider vscode.git 3516
[2022-03-09 22:38:57.182] [exthost] [warning] [Decorations] CAPPING events from decorations provider vscode.git 3516
[2022-03-09 22:39:22.857] [exthost] [warning] [Decorations] CAPPING events from decorations provider vscode.git 3516
[2022-03-09 22:39:28.752] [exthost] [warning] [Decorations] CAPPING events from decorations provider vscode.git 3516
[2022-03-09 22:39:34.641] [exthost] [warning] [Decorations] CAPPING events from decorations provider vscode.git 3516
[2022-03-09 22:39:45.737] [exthost] [warning] [Decorations] CAPPING events from decorations provider vscode.git 3516
[2022-03-09 22:40:15.151] [exthost] [warning] [Decorations] CAPPING events from decorations provider vscode.git 3516
[2022-03-09 22:40:21.041] [exthost] [warning] [Decorations] CAPPING events from decorations provider vscode.git 3516
[2022-03-09 22:40:26.754] [exthost] [info] ExtensionService#_doActivateExtension vscode.extension-editing, startup: false, activationEvent: 'onLanguage:json'
[2022-03-09 22:40:26.768] [exthost] [info] ExtensionService#_doActivateExtension vscode.npm, startup: false, activationEvent: 'onLanguage:json'
[2022-03-09 22:40:26.789] [exthost] [info] ExtensionService#_doActivateExtension ZainChen.json, startup: false, activationEvent: 'onLanguage:json'
[2022-03-09 22:40:26.955] [exthost] [warning] [Decorations] CAPPING events from decorations provider vscode.git 3525
[2022-03-09 22:40:32.864] [exthost] [warning] [Decorations] CAPPING events from decorations provider vscode.git 3525
[2022-03-09 22:40:38.748] [exthost] [warning] [Decorations] CAPPING events from decorations provider vscode.git 3529
[2022-03-09 22:40:44.630] [exthost] [warning] [Decorations] CAPPING events from decorations provider vscode.git 3531
[2022-03-09 22:41:04.768] [exthost] [warning] [Decorations] CAPPING events from decorations provider vscode.git 3531
[2022-03-09 22:41:10.645] [exthost] [warning] [Decorations] CAPPING events from decorations provider vscode.git 3531
[2022-03-09 22:41:16.534] [exthost] [warning] [Decorations] CAPPING events from decorations provider vscode.git 3531
[2022-03-09 22:41:22.419] [exthost] [warning] [Decorations] CAPPING events from decorations provider vscode.git 3531
[2022-03-09 22:41:39.244] [exthost] [warning] [Decorations] CAPPING events from decorations provider vscode.git 3531
[2022-03-09 22:41:45.144] [exthost] [warning] [Decorations] CAPPING events from decorations provider vscode.git 3531
[2022-03-09 22:41:51.040] [exthost] [warning] [Decorations] CAPPING events from decorations provider vscode.git 3531
[2022-03-09 22:41:56.925] [exthost] [warning] [Decorations] CAPPING events from decorations provider vscode.git 3531
[2022-03-09 22:42:02.811] [exthost] [warning] [Decorations] CAPPING events from decorations provider vscode.git 3531
[2022-03-09 22:42:28.515] [exthost] [warning] [Decorations] CAPPING events from decorations provider vscode.git 3531
[2022-03-09 22:42:34.410] [exthost] [warning] [Decorations] CAPPING events from decorations provider vscode.git 3531
[2022-03-09 22:42:40.291] [exthost] [warning] [Decorations] CAPPING events from decorations provider vscode.git 3531
[2022-03-09 22:42:46.185] [exthost] [warning] [Decorations] CAPPING events from decorations provider vscode.git 3531
[2022-03-09 22:42:52.072] [exthost] [warning] [Decorations] CAPPING events from decorations provider vscode.git 3531
[2022-03-09 22:43:08.022] [exthost] [warning] [Decorations] CAPPING events from decorations provider vscode.git 3531
[2022-03-09 22:43:13.913] [exthost] [warning] [Decorations] CAPPING events from decorations provider vscode.git 3531
[2022-03-09 22:43:55.843] [exthost] [warning] [Decorations] CAPPING events from decorations provider vscode.git 3531
[2022-03-09 22:44:01.728] [exthost] [warning] [Decorations] CAPPING events from decorations provider vscode.git 3530
[2022-03-09 22:44:07.603] [exthost] [warning] [Decorations] CAPPING events from decorations provider vscode.git 3531
[2022-03-09 22:44:13.509] [exthost] [warning] [Decorations] CAPPING events from decorations provider vscode.git 3531
[2022-03-09 22:44:19.384] [exthost] [warning] [Decorations] CAPPING events from decorations provider vscode.git 3531
[2022-03-09 22:44:25.298] [exthost] [warning] [Decorations] CAPPING events from decorations provider vscode.git 3531
[2022-03-09 22:44:31.189] [exthost] [warning] [Decorations] CAPPING events from decorations provider vscode.git 3531
[2022-03-09 22:44:37.094] [exthost] [warning] [Decorations] CAPPING events from decorations provider vscode.git 3531
[2022-03-09 22:44:42.985] [exthost] [warning] [Decorations] CAPPING events from decorations provider vscode.git 3531
[2022-03-09 22:44:48.874] [exthost] [warning] [Decorations] CAPPING events from decorations provider vscode.git 3531
[2022-03-09 22:44:54.776] [exthost] [warning] [Decorations] CAPPING events from decorations provider vscode.git 3531
[2022-03-09 22:45:00.667] [exthost] [warning] [Decorations] CAPPING events from decorations provider vscode.git 3531
[2022-03-09 22:45:06.573] [exthost] [warning] [Decorations] CAPPING events from decorations provider vscode.git 3531
[2022-03-09 22:45:12.451] [exthost] [warning] [Decorations] CAPPING events from decorations provider vscode.git 3531
[2022-03-09 22:47:53.428] [exthost] [warning] [Decorations] CAPPING events from decorations provider vscode.git 3531
[2022-03-09 22:47:59.309] [exthost] [warning] [Decorations] CAPPING events from decorations provider vscode.git 3530
[2022-03-09 22:48:37.112] [exthost] [warning] [Decorations] CAPPING events from decorations provider vscode.git 3530
[2022-03-09 22:48:43.018] [exthost] [warning] [Decorations] CAPPING events from decorations provider vscode.git 3530
[2022-03-09 22:48:48.895] [exthost] [warning] [Decorations] CAPPING events from decorations provider vscode.git 3530
[2022-03-09 22:48:54.785] [exthost] [warning] [Decorations] CAPPING events from decorations provider vscode.git 3531
[2022-03-09 22:49:00.671] [exthost] [warning] [Decorations] CAPPING events from decorations provider vscode.git 3531
[2022-03-09 22:49:06.555] [exthost] [warning] [Decorations] CAPPING events from decorations provider vscode.git 3531
[2022-03-09 22:49:12.439] [exthost] [warning] [Decorations] CAPPING events from decorations provider vscode.git 3531
[2022-03-09 22:49:18.318] [exthost] [warning] [Decorations] CAPPING events from decorations provider vscode.git 3531
[2022-03-09 22:49:24.233] [exthost] [warning] [Decorations] CAPPING events from decorations provider vscode.git 3531
[2022-03-09 22:49:30.121] [exthost] [warning] [Decorations] CAPPING events from decorations provider vscode.git 3531
[2022-03-09 22:49:36.039] [exthost] [warning] [Decorations] CAPPING events from decorations provider vscode.git 3531
[2022-03-09 22:49:41.936] [exthost] [warning] [Decorations] CAPPING events from decorations provider vscode.git 3531
[2022-03-09 22:49:47.820] [exthost] [warning] [Decorations] CAPPING events from decorations provider vscode.git 3531
[2022-03-09 22:49:53.686] [exthost] [warning] [Decorations] CAPPING events from decorations provider vscode.git 3531
[2022-03-09 22:49:59.575] [exthost] [warning] [Decorations] CAPPING events from decorations provider vscode.git 3531
[2022-03-09 22:57:39.522] [exthost] [warning] [Decorations] CAPPING events from decorations provider vscode.git 3531
[2022-03-09 22:57:45.406] [exthost] [warning] [Decorations] CAPPING events from decorations provider vscode.git 3530
[2022-03-09 22:57:51.303] [exthost] [warning] [Decorations] CAPPING events from decorations provider vscode.git 3530
[2022-03-09 22:57:57.177] [exthost] [warning] [Decorations] CAPPING events from decorations provider vscode.git 3531
[2022-03-09 22:58:27.658] [exthost] [warning] [Decorations] CAPPING events from decorations provider vscode.git 3531
[2022-03-09 22:58:33.531] [exthost] [warning] [Decorations] CAPPING events from decorations provider vscode.git 3531
[2022-03-09 22:59:21.733] [exthost] [warning] [Decorations] CAPPING events from decorations provider vscode.git 3531
[2022-03-09 22:59:27.614] [exthost] [warning] [Decorations] CAPPING events from decorations provider vscode.git 3530
[2022-03-09 22:59:33.523] [exthost] [warning] [Decorations] CAPPING events from decorations provider vscode.git 3530
[2022-03-09 22:59:39.449] [exthost] [warning] [Decorations] CAPPING events from decorations provider vscode.git 3530
[2022-03-09 22:59:45.332] [exthost] [warning] [Decorations] CAPPING events from decorations provider vscode.git 3530
[2022-03-09 22:59:51.218] [exthost] [warning] [Decorations] CAPPING events from decorations provider vscode.git 3530
[2022-03-09 22:59:57.104] [exthost] [warning] [Decorations] CAPPING events from decorations provider vscode.git 3530
[2022-03-09 23:00:02.997] [exthost] [warning] [Decorations] CAPPING events from decorations provider vscode.git 3531
[2022-03-09 23:00:08.894] [exthost] [warning] [Decorations] CAPPING events from decorations provider vscode.git 3531
[2022-03-09 23:00:14.792] [exthost] [warning] [Decorations] CAPPING events from decorations provider vscode.git 3531
[2022-03-09 23:00:20.674] [exthost] [warning] [Decorations] CAPPING events from decorations provider vscode.git 3531
[2022-03-09 23:00:54.466] [exthost] [warning] [Decorations] CAPPING events from decorations provider vscode.git 3531
[2022-03-09 23:01:00.360] [exthost] [warning] [Decorations] CAPPING events from decorations provider vscode.git 3531
[2022-03-09 23:01:36.707] [exthost] [warning] [Decorations] CAPPING events from decorations provider vscode.git 3604
[2022-03-09 23:01:42.618] [exthost] [warning] [Decorations] CAPPING events from decorations provider vscode.git 3603
[2022-03-09 23:01:48.538] [exthost] [warning] [Decorations] CAPPING events from decorations provider vscode.git 3603
[2022-03-09 23:01:54.439] [exthost] [warning] [Decorations] CAPPING events from decorations provider vscode.git 3603
[2022-03-09 23:02:00.348] [exthost] [warning] [Decorations] CAPPING events from decorations provider vscode.git 3603
[2022-03-09 23:02:06.239] [exthost] [warning] [Decorations] CAPPING events from decorations provider vscode.git 3604
[2022-03-09 23:02:12.120] [exthost] [warning] [Decorations] CAPPING events from decorations provider vscode.git 3604
[2022-03-09 23:02:37.044] [exthost] [warning] [Decorations] CAPPING events from decorations provider vscode.git 3604
[2022-03-09 23:02:42.921] [exthost] [warning] [Decorations] CAPPING events from decorations provider vscode.git 3604
[2022-03-09 23:03:25.083] [exthost] [warning] [Decorations] CAPPING events from decorations provider vscode.git 3604
[2022-03-09 23:03:30.961] [exthost] [warning] [Decorations] CAPPING events from decorations provider vscode.git 3530
[2022-03-09 23:03:36.869] [exthost] [warning] [Decorations] CAPPING events from decorations provider vscode.git 3530
[2022-03-09 23:03:42.781] [exthost] [warning] [Decorations] CAPPING events from decorations provider vscode.git 3530
[2022-03-09 23:03:48.661] [exthost] [warning] [Decorations] CAPPING events from decorations provider vscode.git 3531
[2022-03-09 23:03:54.549] [exthost] [warning] [Decorations] CAPPING events from decorations provider vscode.git 3531
[2022-03-09 23:04:00.437] [exthost] [warning] [Decorations] CAPPING events from decorations provider vscode.git 3531
[2022-03-09 23:04:06.321] [exthost] [warning] [Decorations] CAPPING events from decorations provider vscode.git 3531
[2022-03-09 23:05:07.907] [exthost] [warning] [Decorations] CAPPING events from decorations provider vscode.git 3530
[2022-03-09 23:05:13.783] [exthost] [warning] [Decorations] CAPPING events from decorations provider vscode.git 3530
[2022-03-09 23:05:19.675] [exthost] [warning] [Decorations] CAPPING events from decorations provider vscode.git 3531
[2022-03-09 23:05:25.564] [exthost] [warning] [Decorations] CAPPING events from decorations provider vscode.git 3531
[2022-03-09 23:05:31.454] [exthost] [warning] [Decorations] CAPPING events from decorations provider vscode.git 3531
