[2022-03-09 20:29:47.978] [sharedprocess] [info] Deleted from disk jeff-hykin.better-cpp-syntax /root/.vscode/extensions/jeff-hykin.better-cpp-syntax-1.15.10
[2022-03-09 20:29:47.978] [sharedprocess] [info] Deleted from disk jeff-hykin.better-cpp-syntax /root/.vscode/extensions/jeff-hykin.better-cpp-syntax-1.15.11
[2022-03-09 20:29:48.004] [sharedprocess] [info] Deleted from disk cschlosser.doxdocgen /root/.vscode/extensions/cschlosser.doxdocgen-1.3.2
[2022-03-09 20:29:48.295] [sharedprocess] [info] Starting worker process with pid 1293 (type: fileWatcher, window: 1).
[2022-03-09 20:29:49.771] [sharedprocess] [info] Getting Manifest... ms-vscode-remote.remote-containers
[2022-03-09 20:29:49.771] [sharedprocess] [info] Getting Manifest... ms-vscode-remote.remote-ssh
[2022-03-09 20:29:49.771] [sharedprocess] [info] Getting Manifest... ms-vscode-remote.remote-wsl
[2022-03-09 20:29:49.772] [sharedprocess] [info] Getting Manifest... ms-vscode.cpptools
[2022-03-09 20:29:49.891] [sharedprocess] [info] Installing extension: ms-vscode.cpptools
[2022-03-09 20:29:49.892] [sharedprocess] [info] Installing extension: ms-vscode-remote.remote-wsl
[2022-03-09 20:29:49.893] [sharedprocess] [info] Installing extension: ms-vscode-remote.remote-ssh
[2022-03-09 20:29:49.894] [sharedprocess] [info] Installing extension: ms-vscode-remote.remote-containers
[2022-03-09 20:29:50.822] [sharedprocess] [info] Downloaded extension: ms-vscode-remote.remote-ssh /home/grads/s/sant1/Desktop/srsRAN/CachedExtensionVSIXs/ms-vscode-remote.remote-ssh-0.76.1
[2022-03-09 20:29:50.886] [sharedprocess] [info] Extracted extension to /root/.vscode/extensions/.4ac38b4c-9296-4ec7-aa7d-c9b7fbdbb873: ms-vscode-remote.remote-ssh
[2022-03-09 20:29:50.892] [sharedprocess] [info] Renamed to /root/.vscode/extensions/ms-vscode-remote.remote-ssh-0.76.1
[2022-03-09 20:29:50.901] [sharedprocess] [info] Extracting completed. ms-vscode-remote.remote-ssh
[2022-03-09 20:29:50.906] [sharedprocess] [info] Extension installed successfully: ms-vscode-remote.remote-ssh
[2022-03-09 20:29:50.984] [sharedprocess] [info] Downloaded extension: ms-vscode-remote.remote-wsl /home/grads/s/sant1/Desktop/srsRAN/CachedExtensionVSIXs/ms-vscode-remote.remote-wsl-0.64.2
[2022-03-09 20:29:51.041] [sharedprocess] [info] Extracted extension to /root/.vscode/extensions/.8c82af54-3dbc-425c-bbc8-ec948179c52e: ms-vscode-remote.remote-wsl
[2022-03-09 20:29:51.043] [sharedprocess] [info] Renamed to /root/.vscode/extensions/ms-vscode-remote.remote-wsl-0.64.2
[2022-03-09 20:29:51.044] [sharedprocess] [info] Extracting completed. ms-vscode-remote.remote-wsl
[2022-03-09 20:29:51.046] [sharedprocess] [info] Extension installed successfully: ms-vscode-remote.remote-wsl
[2022-03-09 20:29:51.148] [sharedprocess] [info] Downloaded extension: ms-vscode-remote.remote-containers /home/grads/s/sant1/Desktop/srsRAN/CachedExtensionVSIXs/ms-vscode-remote.remote-containers-0.224.2
[2022-03-09 20:29:51.464] [sharedprocess] [info] Extracted extension to /root/.vscode/extensions/.55877b14-08fb-462e-827d-d2329cf006b2: ms-vscode-remote.remote-containers
[2022-03-09 20:29:51.470] [sharedprocess] [info] Renamed to /root/.vscode/extensions/ms-vscode-remote.remote-containers-0.224.2
[2022-03-09 20:29:51.471] [sharedprocess] [info] Extracting completed. ms-vscode-remote.remote-containers
[2022-03-09 20:29:51.473] [sharedprocess] [info] Extension installed successfully: ms-vscode-remote.remote-containers
[2022-03-09 20:29:57.022] [sharedprocess] [info] Downloaded extension: ms-vscode.cpptools /home/grads/s/sant1/Desktop/srsRAN/CachedExtensionVSIXs/ms-vscode.cpptools-1.8.4-linux-x64
[2022-03-09 20:29:58.321] [sharedprocess] [info] Extracted extension to /root/.vscode/extensions/.890f32ff-b7f7-47e8-91b8-833de7027234: ms-vscode.cpptools
[2022-03-09 20:29:58.328] [sharedprocess] [info] Renamed to /root/.vscode/extensions/ms-vscode.cpptools-1.8.4
[2022-03-09 20:29:58.331] [sharedprocess] [info] Extracting completed. ms-vscode.cpptools
[2022-03-09 20:29:58.336] [sharedprocess] [info] Extension installed successfully: ms-vscode.cpptools
[2022-03-17 09:29:57.069] [sharedprocess] [info] Getting Manifest... ms-vscode-remote.remote-containers
[2022-03-17 09:29:57.139] [sharedprocess] [info] Installing extension: ms-vscode-remote.remote-containers
[2022-03-17 09:29:57.706] [sharedprocess] [info] Downloaded extension: ms-vscode-remote.remote-containers /home/grads/s/sant1/Desktop/srsRAN/CachedExtensionVSIXs/ms-vscode-remote.remote-containers-0.224.3
[2022-03-17 09:29:57.993] [sharedprocess] [info] Extracted extension to /root/.vscode/extensions/.b2a03d33-8969-48f0-807e-728ced411c9a: ms-vscode-remote.remote-containers
[2022-03-17 09:29:58.023] [sharedprocess] [info] Renamed to /root/.vscode/extensions/ms-vscode-remote.remote-containers-0.224.3
[2022-03-17 09:29:58.024] [sharedprocess] [info] Extracting completed. ms-vscode-remote.remote-containers
[2022-03-17 09:29:58.027] [sharedprocess] [info] Extension installed successfully: ms-vscode-remote.remote-containers
[2022-03-17 21:29:57.559] [sharedprocess] [info] Getting Manifest... ms-vscode.cmake-tools
[2022-03-17 21:29:57.671] [sharedprocess] [info] Installing extension: ms-vscode.cmake-tools
[2022-03-17 21:29:58.205] [sharedprocess] [info] Downloaded extension: ms-vscode.cmake-tools /home/grads/s/sant1/Desktop/srsRAN/CachedExtensionVSIXs/ms-vscode.cmake-tools-1.10.4
[2022-03-17 21:29:58.318] [sharedprocess] [info] Extracted extension to /root/.vscode/extensions/.ecd52996-1345-4130-b579-36634fb5dcd4: ms-vscode.cmake-tools
[2022-03-17 21:29:58.366] [sharedprocess] [info] Renamed to /root/.vscode/extensions/ms-vscode.cmake-tools-1.10.4
[2022-03-17 21:29:58.367] [sharedprocess] [info] Extracting completed. ms-vscode.cmake-tools
[2022-03-17 21:29:58.371] [sharedprocess] [info] Extension installed successfully: ms-vscode.cmake-tools
[2022-03-22 09:30:02.334] [sharedprocess] [info] Getting Manifest... ms-vscode.cmake-tools
[2022-03-22 09:30:02.412] [sharedprocess] [info] Installing extension: ms-vscode.cmake-tools
[2022-03-22 09:30:02.972] [sharedprocess] [info] Downloaded extension: ms-vscode.cmake-tools /home/grads/s/sant1/Desktop/srsRAN/CachedExtensionVSIXs/ms-vscode.cmake-tools-1.10.5
[2022-03-22 09:30:03.068] [sharedprocess] [info] Extracted extension to /root/.vscode/extensions/.09f9e92b-f45c-48cb-993e-bbe1cdace8f2: ms-vscode.cmake-tools
[2022-03-22 09:30:03.072] [sharedprocess] [info] Renamed to /root/.vscode/extensions/ms-vscode.cmake-tools-1.10.5
[2022-03-22 09:30:03.074] [sharedprocess] [info] Extracting completed. ms-vscode.cmake-tools
[2022-03-22 09:30:03.095] [sharedprocess] [info] Extension installed successfully: ms-vscode.cmake-tools
[2022-03-23 21:30:04.594] [sharedprocess] [info] Getting Manifest... ms-vscode.cpptools
[2022-03-23 21:30:04.715] [sharedprocess] [info] Installing extension: ms-vscode.cpptools
[2022-03-23 21:30:11.445] [sharedprocess] [info] Downloaded extension: ms-vscode.cpptools /home/grads/s/sant1/Desktop/srsRAN/CachedExtensionVSIXs/ms-vscode.cpptools-1.9.7-linux-x64
[2022-03-23 21:30:12.752] [sharedprocess] [info] Extracted extension to /root/.vscode/extensions/.0e9cdeee-4a59-4d2c-8a03-63515bcc4778: ms-vscode.cpptools
[2022-03-23 21:30:12.763] [sharedprocess] [info] Renamed to /root/.vscode/extensions/ms-vscode.cpptools-1.9.7
[2022-03-23 21:30:12.765] [sharedprocess] [info] Extracting completed. ms-vscode.cpptools
[2022-03-23 21:30:12.770] [sharedprocess] [info] Extension installed successfully: ms-vscode.cpptools
[2022-03-30 09:30:11.303] [sharedprocess] [info] Getting Manifest... ms-vscode-remote.remote-containers
[2022-03-30 09:30:11.373] [sharedprocess] [info] Installing extension: ms-vscode-remote.remote-containers
[2022-03-30 09:30:12.013] [sharedprocess] [info] Downloaded extension: ms-vscode-remote.remote-containers /home/grads/s/sant1/Desktop/srsRAN/CachedExtensionVSIXs/ms-vscode-remote.remote-containers-0.231.0
[2022-03-30 09:30:12.305] [sharedprocess] [info] Extracted extension to /root/.vscode/extensions/.5040596d-29d9-4444-8df9-f5235c49218f: ms-vscode-remote.remote-containers
[2022-03-30 09:30:12.315] [sharedprocess] [info] Renamed to /root/.vscode/extensions/ms-vscode-remote.remote-containers-0.231.0
[2022-03-30 09:30:12.316] [sharedprocess] [info] Extracting completed. ms-vscode-remote.remote-containers
[2022-03-30 09:30:12.319] [sharedprocess] [info] Extension installed successfully: ms-vscode-remote.remote-containers
[2022-03-31 09:30:12.635] [sharedprocess] [info] Getting Manifest... ms-vscode-remote.remote-containers
[2022-03-31 09:30:12.705] [sharedprocess] [info] Installing extension: ms-vscode-remote.remote-containers
[2022-03-31 09:30:13.331] [sharedprocess] [info] Downloaded extension: ms-vscode-remote.remote-containers /home/grads/s/sant1/Desktop/srsRAN/CachedExtensionVSIXs/ms-vscode-remote.remote-containers-0.231.1
[2022-03-31 09:30:13.618] [sharedprocess] [info] Extracted extension to /root/.vscode/extensions/.a13b7d32-b475-415d-8c29-4bccad6600d4: ms-vscode-remote.remote-containers
[2022-03-31 09:30:13.630] [sharedprocess] [info] Renamed to /root/.vscode/extensions/ms-vscode-remote.remote-containers-0.231.1
[2022-03-31 09:30:13.631] [sharedprocess] [info] Extracting completed. ms-vscode-remote.remote-containers
[2022-03-31 09:30:13.634] [sharedprocess] [info] Extension installed successfully: ms-vscode-remote.remote-containers
[2022-04-01 09:30:13.739] [sharedprocess] [info] Getting Manifest... ms-vscode-remote.remote-containers
[2022-04-01 09:30:13.953] [sharedprocess] [info] Installing extension: ms-vscode-remote.remote-containers
[2022-04-01 09:30:14.737] [sharedprocess] [info] Downloaded extension: ms-vscode-remote.remote-containers /home/grads/s/sant1/Desktop/srsRAN/CachedExtensionVSIXs/ms-vscode-remote.remote-containers-0.231.2
[2022-04-01 09:30:15.041] [sharedprocess] [info] Extracted extension to /root/.vscode/extensions/.b0892684-5c5c-45f1-a7b8-2997befd913b: ms-vscode-remote.remote-containers
[2022-04-01 09:30:15.050] [sharedprocess] [info] Renamed to /root/.vscode/extensions/ms-vscode-remote.remote-containers-0.231.2
[2022-04-01 09:30:15.051] [sharedprocess] [info] Extracting completed. ms-vscode-remote.remote-containers
[2022-04-01 09:30:15.077] [sharedprocess] [info] Extension installed successfully: ms-vscode-remote.remote-containers
[2022-04-04 09:30:16.488] [sharedprocess] [info] Getting Manifest... ms-vscode-remote.remote-containers
[2022-04-04 09:30:16.648] [sharedprocess] [info] Installing extension: ms-vscode-remote.remote-containers
[2022-04-04 09:30:17.179] [sharedprocess] [info] Downloaded extension: ms-vscode-remote.remote-containers /home/grads/s/sant1/Desktop/srsRAN/CachedExtensionVSIXs/ms-vscode-remote.remote-containers-0.231.3
[2022-04-04 09:30:17.464] [sharedprocess] [info] Extracted extension to /root/.vscode/extensions/.17c37702-5005-4881-b68e-faa99c8a3285: ms-vscode-remote.remote-containers
[2022-04-04 09:30:17.477] [sharedprocess] [info] Renamed to /root/.vscode/extensions/ms-vscode-remote.remote-containers-0.231.3
[2022-04-04 09:30:17.478] [sharedprocess] [info] Extracting completed. ms-vscode-remote.remote-containers
[2022-04-04 09:30:17.481] [sharedprocess] [info] Extension installed successfully: ms-vscode-remote.remote-containers
[2022-04-06 09:30:18.616] [sharedprocess] [info] Getting Manifest... ms-vscode-remote.remote-containers
[2022-04-06 09:30:18.687] [sharedprocess] [info] Installing extension: ms-vscode-remote.remote-containers
[2022-04-06 09:30:19.320] [sharedprocess] [info] Downloaded extension: ms-vscode-remote.remote-containers /home/grads/s/sant1/Desktop/srsRAN/CachedExtensionVSIXs/ms-vscode-remote.remote-containers-0.231.4
[2022-04-06 09:30:19.611] [sharedprocess] [info] Extracted extension to /root/.vscode/extensions/.695e7d51-8c87-4b77-a077-fe83536b4713: ms-vscode-remote.remote-containers
[2022-04-06 09:30:19.621] [sharedprocess] [info] Renamed to /root/.vscode/extensions/ms-vscode-remote.remote-containers-0.231.4
[2022-04-06 09:30:19.622] [sharedprocess] [info] Extracting completed. ms-vscode-remote.remote-containers
[2022-04-06 09:30:19.625] [sharedprocess] [info] Extension installed successfully: ms-vscode-remote.remote-containers
[2022-04-08 09:30:20.391] [sharedprocess] [info] Getting Manifest... ms-vscode-remote.remote-containers
[2022-04-08 09:30:20.464] [sharedprocess] [info] Installing extension: ms-vscode-remote.remote-containers
[2022-04-08 09:30:21.094] [sharedprocess] [info] Downloaded extension: ms-vscode-remote.remote-containers /home/grads/s/sant1/Desktop/srsRAN/CachedExtensionVSIXs/ms-vscode-remote.remote-containers-0.231.5
[2022-04-08 09:30:21.379] [sharedprocess] [info] Extracted extension to /root/.vscode/extensions/.cd15f7b3-4311-4251-ad87-c3a974b07986: ms-vscode-remote.remote-containers
[2022-04-08 09:30:21.389] [sharedprocess] [info] Renamed to /root/.vscode/extensions/ms-vscode-remote.remote-containers-0.231.5
[2022-04-08 09:30:21.390] [sharedprocess] [info] Extracting completed. ms-vscode-remote.remote-containers
[2022-04-08 09:30:21.393] [sharedprocess] [info] Extension installed successfully: ms-vscode-remote.remote-containers
